<?xml version="1.0" encoding="UTF-8"?>
<testsuite xmlns:xsi="http://www.w3.org/2001/XMLSchema-instance" xsi:noNamespaceSchemaLocation="https://maven.apache.org/surefire/maven-surefire-plugin/xsd/surefire-test-report.xsd" name="TestMapper" time="2.36" tests="2" errors="0" skipped="0" failures="0">
  <properties>
    <property name="sun.desktop" value="windows"/>
    <property name="awt.toolkit" value="sun.awt.windows.WToolkit"/>
    <property name="file.encoding.pkg" value="sun.io"/>
    <property name="java.specification.version" value="1.8"/>
    <property name="sun.cpu.isalist" value="amd64"/>
    <property name="sun.jnu.encoding" value="GBK"/>
    <property name="java.class.path" value="D:\ideaCode\pt\target\test-classes;D:\ideaCode\pt\target\classes;F:\repo\junit\junit\4.12\junit-4.12.jar;F:\repo\org\hamcrest\hamcrest-core\1.3\hamcrest-core-1.3.jar;F:\repo\org\springframework\spring-web\5.0.8.RELEASE\spring-web-5.0.8.RELEASE.jar;F:\repo\org\springframework\spring-beans\5.0.8.RELEASE\spring-beans-5.0.8.RELEASE.jar;F:\repo\org\springframework\spring-core\5.0.8.RELEASE\spring-core-5.0.8.RELEASE.jar;F:\repo\org\springframework\spring-jcl\5.0.8.RELEASE\spring-jcl-5.0.8.RELEASE.jar;F:\repo\org\springframework\spring-context\5.0.8.RELEASE\spring-context-5.0.8.RELEASE.jar;F:\repo\org\springframework\spring-expression\5.0.8.RELEASE\spring-expression-5.0.8.RELEASE.jar;F:\repo\org\springframework\spring-webmvc\5.0.8.RELEASE\spring-webmvc-5.0.8.RELEASE.jar;F:\repo\org\springframework\spring-aspects\5.0.8.RELEASE\spring-aspects-5.0.8.RELEASE.jar;F:\repo\org\springframework\spring-aop\5.0.8.RELEASE\spring-aop-5.0.8.RELEASE.jar;F:\repo\org\aspectj\aspectjweaver\1.9.2\aspectjweaver-1.9.2.jar;F:\repo\org\mybatis\mybatis\3.4.6\mybatis-3.4.6.jar;F:\repo\org\mybatis\mybatis-spring\1.3.2\mybatis-spring-1.3.2.jar;F:\repo\mysql\mysql-connector-java\5.1.46\mysql-connector-java-5.1.46.jar;F:\repo\org\springframework\spring-tx\5.0.8.RELEASE\spring-tx-5.0.8.RELEASE.jar;F:\repo\com\alibaba\druid\1.1.16\druid-1.1.16.jar;F:\repo\org\springframework\spring-jdbc\5.0.8.RELEASE\spring-jdbc-5.0.8.RELEASE.jar;F:\repo\jstl\jstl\1.2\jstl-1.2.jar;F:\repo\taglibs\standard\1.1.2\standard-1.1.2.jar;F:\repo\org\springframework\spring-test\5.0.8.RELEASE\spring-test-5.0.8.RELEASE.jar;F:\repo\org\apache\logging\log4j\log4j-core\2.11.2\log4j-core-2.11.2.jar;F:\repo\org\apache\logging\log4j\log4j-api\2.11.2\log4j-api-2.11.2.jar;F:\repo\org\apache\logging\log4j\log4j-slf4j-impl\2.11.2\log4j-slf4j-impl-2.11.2.jar;F:\repo\org\slf4j\slf4j-api\1.7.25\slf4j-api-1.7.25.jar;F:\repo\org\apache\logging\log4j\log4j-web\2.11.2\log4j-web-2.11.2.jar;F:\repo\org\projectlombok\lombok\1.18.6\lombok-1.18.6.jar;F:\repo\commons-fileupload\commons-fileupload\1.3.3\commons-fileupload-1.3.3.jar;F:\repo\commons-io\commons-io\2.2\commons-io-2.2.jar;F:\repo\org\apache\poi\poi\4.0.1\poi-4.0.1.jar;F:\repo\commons-codec\commons-codec\1.11\commons-codec-1.11.jar;F:\repo\org\apache\commons\commons-collections4\4.2\commons-collections4-4.2.jar;F:\repo\org\apache\commons\commons-math3\3.6.1\commons-math3-3.6.1.jar;F:\repo\org\apache\poi\poi-ooxml\4.0.1\poi-ooxml-4.0.1.jar;F:\repo\org\apache\poi\poi-ooxml-schemas\4.0.1\poi-ooxml-schemas-4.0.1.jar;F:\repo\org\apache\xmlbeans\xmlbeans\3.0.2\xmlbeans-3.0.2.jar;F:\repo\org\apache\commons\commons-compress\1.18\commons-compress-1.18.jar;F:\repo\com\github\virtuald\curvesapi\1.05\curvesapi-1.05.jar;F:\repo\com\github\pagehelper\pagehelper\5.1.8\pagehelper-5.1.8.jar;F:\repo\com\github\jsqlparser\jsqlparser\1.2\jsqlparser-1.2.jar;F:\repo\com\fasterxml\jackson\core\jackson-databind\2.9.8\jackson-databind-2.9.8.jar;F:\repo\com\fasterxml\jackson\core\jackson-annotations\2.9.0\jackson-annotations-2.9.0.jar;F:\repo\com\fasterxml\jackson\core\jackson-core\2.9.8\jackson-core-2.9.8.jar;F:\repo\javax\servlet\javax.servlet-api\3.1.0\javax.servlet-api-3.1.0.jar;F:\repo\org\apache\httpcomponents\httpclient\4.5.6\httpclient-4.5.6.jar;F:\repo\org\apache\httpcomponents\httpcore\4.4.10\httpcore-4.4.10.jar;F:\repo\commons-logging\commons-logging\1.2\commons-logging-1.2.jar;"/>
    <property name="java.vm.vendor" value="Oracle Corporation"/>
    <property name="sun.arch.data.model" value="64"/>
    <property name="user.variant" value=""/>
    <property name="java.vendor.url" value="http://java.oracle.com/"/>
    <property name="user.timezone" value="Asia/Shanghai"/>
    <property name="java.vm.specification.version" value="1.8"/>
    <property name="os.name" value="Windows 8.1"/>
    <property name="user.country" value="CN"/>
    <property name="sun.java.launcher" value="SUN_STANDARD"/>
    <property name="sun.boot.library.path" value="D:\jdk8\jdk1.8\jre\bin"/>
    <property name="sun.java.command" value="C:\Users\刘怿民\AppData\Local\Temp\surefire830359876853826048\surefirebooter8201561625546158185.jar C:\Users\刘怿民\AppData\Local\Temp\surefire830359876853826048 2019-05-31T17-44-14_534-jvmRun1 surefire8401476266781829977tmp surefire_01083534381796115875tmp"/>
    <property name="surefire.test.class.path" value="D:\ideaCode\pt\target\test-classes;D:\ideaCode\pt\target\classes;F:\repo\junit\junit\4.12\junit-4.12.jar;F:\repo\org\hamcrest\hamcrest-core\1.3\hamcrest-core-1.3.jar;F:\repo\org\springframework\spring-web\5.0.8.RELEASE\spring-web-5.0.8.RELEASE.jar;F:\repo\org\springframework\spring-beans\5.0.8.RELEASE\spring-beans-5.0.8.RELEASE.jar;F:\repo\org\springframework\spring-core\5.0.8.RELEASE\spring-core-5.0.8.RELEASE.jar;F:\repo\org\springframework\spring-jcl\5.0.8.RELEASE\spring-jcl-5.0.8.RELEASE.jar;F:\repo\org\springframework\spring-context\5.0.8.RELEASE\spring-context-5.0.8.RELEASE.jar;F:\repo\org\springframework\spring-expression\5.0.8.RELEASE\spring-expression-5.0.8.RELEASE.jar;F:\repo\org\springframework\spring-webmvc\5.0.8.RELEASE\spring-webmvc-5.0.8.RELEASE.jar;F:\repo\org\springframework\spring-aspects\5.0.8.RELEASE\spring-aspects-5.0.8.RELEASE.jar;F:\repo\org\springframework\spring-aop\5.0.8.RELEASE\spring-aop-5.0.8.RELEASE.jar;F:\repo\org\aspectj\aspectjweaver\1.9.2\aspectjweaver-1.9.2.jar;F:\repo\org\mybatis\mybatis\3.4.6\mybatis-3.4.6.jar;F:\repo\org\mybatis\mybatis-spring\1.3.2\mybatis-spring-1.3.2.jar;F:\repo\mysql\mysql-connector-java\5.1.46\mysql-connector-java-5.1.46.jar;F:\repo\org\springframework\spring-tx\5.0.8.RELEASE\spring-tx-5.0.8.RELEASE.jar;F:\repo\com\alibaba\druid\1.1.16\druid-1.1.16.jar;F:\repo\org\springframework\spring-jdbc\5.0.8.RELEASE\spring-jdbc-5.0.8.RELEASE.jar;F:\repo\jstl\jstl\1.2\jstl-1.2.jar;F:\repo\taglibs\standard\1.1.2\standard-1.1.2.jar;F:\repo\org\springframework\spring-test\5.0.8.RELEASE\spring-test-5.0.8.RELEASE.jar;F:\repo\org\apache\logging\log4j\log4j-core\2.11.2\log4j-core-2.11.2.jar;F:\repo\org\apache\logging\log4j\log4j-api\2.11.2\log4j-api-2.11.2.jar;F:\repo\org\apache\logging\log4j\log4j-slf4j-impl\2.11.2\log4j-slf4j-impl-2.11.2.jar;F:\repo\org\slf4j\slf4j-api\1.7.25\slf4j-api-1.7.25.jar;F:\repo\org\apache\logging\log4j\log4j-web\2.11.2\log4j-web-2.11.2.jar;F:\repo\org\projectlombok\lombok\1.18.6\lombok-1.18.6.jar;F:\repo\commons-fileupload\commons-fileupload\1.3.3\commons-fileupload-1.3.3.jar;F:\repo\commons-io\commons-io\2.2\commons-io-2.2.jar;F:\repo\org\apache\poi\poi\4.0.1\poi-4.0.1.jar;F:\repo\commons-codec\commons-codec\1.11\commons-codec-1.11.jar;F:\repo\org\apache\commons\commons-collections4\4.2\commons-collections4-4.2.jar;F:\repo\org\apache\commons\commons-math3\3.6.1\commons-math3-3.6.1.jar;F:\repo\org\apache\poi\poi-ooxml\4.0.1\poi-ooxml-4.0.1.jar;F:\repo\org\apache\poi\poi-ooxml-schemas\4.0.1\poi-ooxml-schemas-4.0.1.jar;F:\repo\org\apache\xmlbeans\xmlbeans\3.0.2\xmlbeans-3.0.2.jar;F:\repo\org\apache\commons\commons-compress\1.18\commons-compress-1.18.jar;F:\repo\com\github\virtuald\curvesapi\1.05\curvesapi-1.05.jar;F:\repo\com\github\pagehelper\pagehelper\5.1.8\pagehelper-5.1.8.jar;F:\repo\com\github\jsqlparser\jsqlparser\1.2\jsqlparser-1.2.jar;F:\repo\com\fasterxml\jackson\core\jackson-databind\2.9.8\jackson-databind-2.9.8.jar;F:\repo\com\fasterxml\jackson\core\jackson-annotations\2.9.0\jackson-annotations-2.9.0.jar;F:\repo\com\fasterxml\jackson\core\jackson-core\2.9.8\jackson-core-2.9.8.jar;F:\repo\javax\servlet\javax.servlet-api\3.1.0\javax.servlet-api-3.1.0.jar;F:\repo\org\apache\httpcomponents\httpclient\4.5.6\httpclient-4.5.6.jar;F:\repo\org\apache\httpcomponents\httpcore\4.4.10\httpcore-4.4.10.jar;F:\repo\commons-logging\commons-logging\1.2\commons-logging-1.2.jar;"/>
    <property name="sun.cpu.endian" value="little"/>
    <property name="user.home" value="C:\Users\刘怿民"/>
    <property name="user.language" value="zh"/>
    <property name="java.specification.vendor" value="Oracle Corporation"/>
    <property name="java.home" value="D:\jdk8\jdk1.8\jre"/>
    <property name="basedir" value="D:\ideaCode\pt"/>
    <property name="file.separator" value="\"/>
    <property name="line.separator" value="&#10;"/>
    <property name="java.vm.specification.vendor" value="Oracle Corporation"/>
    <property name="java.specification.name" value="Java Platform API Specification"/>
    <property name="java.awt.graphicsenv" value="sun.awt.Win32GraphicsEnvironment"/>
    <property name="surefire.real.class.path" value="C:\Users\刘怿民\AppData\Local\Temp\surefire830359876853826048\surefirebooter8201561625546158185.jar"/>
    <property name="sun.boot.class.path" value="D:\jdk8\jdk1.8\jre\lib\resources.jar;D:\jdk8\jdk1.8\jre\lib\rt.jar;D:\jdk8\jdk1.8\jre\lib\sunrsasign.jar;D:\jdk8\jdk1.8\jre\lib\jsse.jar;D:\jdk8\jdk1.8\jre\lib\jce.jar;D:\jdk8\jdk1.8\jre\lib\charsets.jar;D:\jdk8\jdk1.8\jre\lib\jfr.jar;D:\jdk8\jdk1.8\jre\classes"/>
    <property name="user.script" value=""/>
    <property name="sun.management.compiler" value="HotSpot 64-Bit Tiered Compilers"/>
    <property name="java.runtime.version" value="1.8.0_31-b13"/>
    <property name="user.name" value="刘怿民"/>
    <property name="path.separator" value=";"/>
    <property name="os.version" value="6.3"/>
    <property name="java.endorsed.dirs" value="D:\jdk8\jdk1.8\jre\lib\endorsed"/>
    <property name="java.runtime.name" value="Java(TM) SE Runtime Environment"/>
    <property name="file.encoding" value="GBK"/>
    <property name="java.vm.name" value="Java HotSpot(TM) 64-Bit Server VM"/>
    <property name="localRepository" value="F:\repo"/>
    <property name="java.vendor.url.bug" value="http://bugreport.sun.com/bugreport/"/>
    <property name="java.io.tmpdir" value="C:\Users\刘怿民\AppData\Local\Temp\"/>
    <property name="idea.version" value="2018.1.5"/>
    <property name="java.version" value="1.8.0_31"/>
    <property name="user.dir" value="D:\ideaCode\pt"/>
    <property name="os.arch" value="amd64"/>
    <property name="java.vm.specification.name" value="Java Virtual Machine Specification"/>
    <property name="java.awt.printerjob" value="sun.awt.windows.WPrinterJob"/>
    <property name="sun.os.patch.level" value=""/>
    <property name="java.library.path" value="D:\jdk8\jdk1.8\jre\bin;C:\WINDOWS\Sun\Java\bin;C:\WINDOWS\system32;C:\WINDOWS;D:\Xshell\Xftp6\;D:\Xshell\Xshell6\;F:\apache-maven-3.5.3\bin;C:\Windows\system32;C:\Windows;C:\Windows\System32\Wbem;C:\Windows\System32\WindowsPowerShell\v1.0\;C:\Program Files (x86)\NVIDIA Corporation\PhysX\Common;C:\WINDOWS\system32;C:\WINDOWS;C:\WINDOWS\System32\Wbem;C:\WINDOWS\System32\WindowsPowerShell\v1.0\;C:\Program Files\Microsoft SQL Server\110\Tools\Binn\;D:\jdk8\jdk1.8\bin;C:\Program Files\Microsoft SQL Server\130\Tools\Binn\;C:\Program Files (x86)\GtkSharp\2.12\bin;C:\Program Files\MySQL\MySQL Server 5.7\bin;D:\apache\Composer;C:\WINDOWS\System32\OpenSSH\;F:\apache-tomcat-9.0.8\bin;D:\Git\Git\cmd;D:\apache\PHP;D:\软件\工具\bin;D:\android SDK\platform-tools;D:\node.js\;C:\Users\刘怿民\AppData\Local\Microsoft\WindowsApps;C:\Users\刘怿民\AppData\Roaming\Composer\vendor\bin;C:\Users\刘怿民\AppData\Local\Microsoft\WindowsApps;D:\node.js\node_global;;."/>
    <property name="java.vm.info" value="mixed mode"/>
    <property name="java.vendor" value="Oracle Corporation"/>
    <property name="java.vm.version" value="25.31-b07"/>
    <property name="java.ext.dirs" value="D:\jdk8\jdk1.8\jre\lib\ext;C:\WINDOWS\Sun\Java\lib\ext"/>
    <property name="sun.io.unicode.encoding" value="UnicodeLittle"/>
    <property name="java.class.version" value="52.0"/>
  </properties>
  <testcase name="test" classname="TestMapper" time="0.006"/>
  <testcase name="insertTest" classname="TestMapper" time="0.001"/>
</testsuite>